# JRE version: OpenJDK Runtime Environment (24.0.1+9) (build 24.0.1+9-30)
# Java VM: OpenJDK 64-Bit Server VM (24.0.1+9-30, mixed mode, sharing, tiered, compressed oops, compressed class ptrs, g1 gc, windows-amd64)
GC Precious Log:
 CardTable entry size: 512
 Card Set container configuration: InlinePtr #cards 4 size 8 Array Of Cards #cards 16 size 48 Howl #buckets 8 coarsen threshold 3686 Howl Bitmap #cards 512 size 80 coarsen threshold 460 Card regions per heap region 1 cards per card region 4096
 CPUs: 12 total, 12 available
 Memory: 16076M
 Large Page Support: Disabled
 NUMA Support: Disabled
 Compressed Oops: Enabled (Zero based)
 Heap Region Size: 2M
 Heap Min Capacity: 8M
 Heap Initial Capacity: 252M
 Heap Max Capacity: 4020M
 Pre-touch: Disabled
 Parallel Workers: 10
 Concurrent Workers: 3
 Concurrent Refinement Workers: 10
 Periodic GC: Disabled
Heap:
 garbage-first heap   total reserved 4116480K, committed 88064K, used 56065K [0x0000000704c00000, 0x0000000800000000)
  region size 2048K, 12 young (24576K), 1 survivors (2048K)
 Metaspace       used 50640K, committed 51200K, reserved 1114112K
  class space    used 5320K, committed 5504K, reserved 1048576K
GC Heap History (20 events):
Event: 23.476 GC heap before
{Heap before GC invocations=7 (full 0):
 garbage-first heap   total reserved 4116480K, committed 88064K, used 65841K [0x0000000704c00000, 0x0000000800000000)
  region size 2048K, 21 young (43008K), 3 survivors (6144K)
 Metaspace       used 42537K, committed 42944K, reserved 1114112K
  class space    used 4525K, committed 4672K, reserved 1048576K
}
Event: 23.483 GC heap after
{Heap after GC invocations=8 (full 0):
 garbage-first heap   total reserved 4116480K, committed 88064K, used 31958K [0x0000000704c00000, 0x0000000800000000)
  region size 2048K, 3 young (6144K), 3 survivors (6144K)
 Metaspace       used 42537K, committed 42944K, reserved 1114112K
  class space    used 4525K, committed 4672K, reserved 1048576K
}
Event: 24.844 GC heap before
{Heap before GC invocations=8 (full 0):
 garbage-first heap   total reserved 4116480K, committed 88064K, used 66774K [0x0000000704c00000, 0x0000000800000000)
  region size 2048K, 20 young (40960K), 3 survivors (6144K)
 Metaspace       used 47957K, committed 48512K, reserved 1114112K
  class space    used 5196K, committed 5440K, reserved 1048576K
}
Event: 24.853 GC heap after
{Heap after GC invocations=9 (full 0):
 garbage-first heap   total reserved 4116480K, committed 88064K, used 35018K [0x0000000704c00000, 0x0000000800000000)
  region size 2048K, 3 young (6144K), 3 survivors (6144K)
 Metaspace       used 47957K, committed 48512K, reserved 1114112K
  class space    used 5196K, committed 5440K, reserved 1048576K
}
Event: 1530.597 GC heap before
{Heap before GC invocations=9 (full 0):
 garbage-first heap   total reserved 4116480K, committed 88064K, used 69834K [0x0000000704c00000, 0x0000000800000000)
  region size 2048K, 20 young (40960K), 3 survivors (6144K)
 Metaspace       used 49340K, committed 49856K, reserved 1114112K
  class space    used 5315K, committed 5504K, reserved 1048576K
}
Event: 1530.604 GC heap after
{Heap after GC invocations=10 (full 0):
 garbage-first heap   total reserved 4116480K, committed 88064K, used 35915K [0x0000000704c00000, 0x0000000800000000)
  region size 2048K, 1 young (2048K), 1 survivors (2048K)
 Metaspace       used 49340K, committed 49856K, reserved 1114112K
  class space    used 5315K, committed 5504K, reserved 1048576K
}
Event: 3604.218 GC heap before
{Heap before GC invocations=10 (full 0):
 garbage-first heap   total reserved 4116480K, committed 88064K, used 72779K [0x0000000704c00000, 0x0000000800000000)
  region size 2048K, 19 young (38912K), 1 survivors (2048K)
 Metaspace       used 49599K, committed 50112K, reserved 1114112K
  class space    used 5317K, committed 5504K, reserved 1048576K
}
Event: 3604.258 GC heap after
{Heap after GC invocations=11 (full 0):
 garbage-first heap   total reserved 4116480K, committed 88064K, used 35778K [0x0000000704c00000, 0x0000000800000000)
  region size 2048K, 1 young (2048K), 1 survivors (2048K)
 Metaspace       used 49599K, committed 50112K, reserved 1114112K
  class space    used 5317K, committed 5504K, reserved 1048576K
}
Event: 5817.314 GC heap before
{Heap before GC invocations=11 (full 0):
 garbage-first heap   total reserved 4116480K, committed 88064K, used 74690K [0x0000000704c00000, 0x0000000800000000)
  region size 2048K, 20 young (40960K), 1 survivors (2048K)
 Metaspace       used 49855K, committed 50368K, reserved 1114112K
  class space    used 5318K, committed 5504K, reserved 1048576K
}
Event: 5817.340 GC heap after
{Heap after GC invocations=12 (full 0):
 garbage-first heap   total reserved 4116480K, committed 88064K, used 35575K [0x0000000704c00000, 0x0000000800000000)
  region size 2048K, 1 young (2048K), 1 survivors (2048K)
 Metaspace       used 49855K, committed 50368K, reserved 1114112K
  class space    used 5318K, committed 5504K, reserved 1048576K
}
Event: 8158.057 GC heap before
{Heap before GC invocations=12 (full 0):
 garbage-first heap   total reserved 4116480K, committed 88064K, used 76535K [0x0000000704c00000, 0x0000000800000000)
  region size 2048K, 21 young (43008K), 1 survivors (2048K)
 Metaspace       used 50282K, committed 50752K, reserved 1114112K
  class space    used 5318K, committed 5504K, reserved 1048576K
}
Event: 8158.073 GC heap after
{Heap after GC invocations=13 (full 0):
 garbage-first heap   total reserved 4116480K, committed 88064K, used 35587K [0x0000000704c00000, 0x0000000800000000)
  region size 2048K, 1 young (2048K), 1 survivors (2048K)
 Metaspace       used 50282K, committed 50752K, reserved 1114112K
  class space    used 5318K, committed 5504K, reserved 1048576K
}
Event: 10662.592 GC heap before
{Heap before GC invocations=13 (full 0):
 garbage-first heap   total reserved 4116480K, committed 88064K, used 78595K [0x0000000704c00000, 0x0000000800000000)
  region size 2048K, 22 young (45056K), 1 survivors (2048K)
 Metaspace       used 50337K, committed 50816K, reserved 1114112K
  class space    used 5318K, committed 5504K, reserved 1048576K
}
Event: 10662.609 GC heap after
{Heap after GC invocations=14 (full 0):
 garbage-first heap   total reserved 4116480K, committed 88064K, used 35567K [0x0000000704c00000, 0x0000000800000000)
  region size 2048K, 1 young (2048K), 1 survivors (2048K)
 Metaspace       used 50337K, committed 50816K, reserved 1114112K
  class space    used 5318K, committed 5504K, reserved 1048576K
}
Event: 13168.461 GC heap before
{Heap before GC invocations=14 (full 0):
 garbage-first heap   total reserved 4116480K, committed 88064K, used 78575K [0x0000000704c00000, 0x0000000800000000)
  region size 2048K, 22 young (45056K), 1 survivors (2048K)
 Metaspace       used 50389K, committed 50944K, reserved 1114112K
  class space    used 5318K, committed 5504K, reserved 1048576K
}
Event: 13168.474 GC heap after
{Heap after GC invocations=15 (full 0):
 garbage-first heap   total reserved 4116480K, committed 88064K, used 35593K [0x0000000704c00000, 0x0000000800000000)
  region size 2048K, 1 young (2048K), 1 survivors (2048K)
 Metaspace       used 50389K, committed 50944K, reserved 1114112K
  class space    used 5318K, committed 5504K, reserved 1048576K
}
Event: 15658.953 GC heap before
{Heap before GC invocations=15 (full 0):
 garbage-first heap   total reserved 4116480K, committed 88064K, used 78601K [0x0000000704c00000, 0x0000000800000000)
  region size 2048K, 22 young (45056K), 1 survivors (2048K)
 Metaspace       used 50517K, committed 51008K, reserved 1114112K
  class space    used 5318K, committed 5504K, reserved 1048576K
}
Event: 15658.959 GC heap after
{Heap after GC invocations=16 (full 0):
 garbage-first heap   total reserved 4116480K, committed 88064K, used 35577K [0x0000000704c00000, 0x0000000800000000)
  region size 2048K, 1 young (2048K), 1 survivors (2048K)
 Metaspace       used 50517K, committed 51008K, reserved 1114112K
  class space    used 5318K, committed 5504K, reserved 1048576K
}
Event: 18119.490 GC heap before
{Heap before GC invocations=16 (full 0):
 garbage-first heap   total reserved 4116480K, committed 88064K, used 78585K [0x0000000704c00000, 0x0000000800000000)
  region size 2048K, 22 young (45056K), 1 survivors (2048K)
 Metaspace       used 50593K, committed 51072K, reserved 1114112K
  class space    used 5319K, committed 5504K, reserved 1048576K
}
Event: 18119.504 GC heap after
{Heap after GC invocations=17 (full 0):
 garbage-first heap   total reserved 4116480K, committed 88064K, used 35585K [0x0000000704c00000, 0x0000000800000000)
  region size 2048K, 1 young (2048K), 1 survivors (2048K)
 Metaspace       used 50593K, committed 51072K, reserved 1114112K
  class space    used 5319K, committed 5504K, reserved 1048576K
}

